Comprehensive Test Report
==================================================

Test execution completed at: 2025-08-15 15:26:19
Total execution time: 0.00 seconds

Summary:
--------------------
Tests passed: 0
Tests failed: 3
Success rate: 0.0%

Detailed Results:
------------------------------

Migration Integrity Tests:
  Status: FAILED
  Execution time: 0.00s
  Errors: Test script not found...

Performance Tests:
  Status: FAILED
  Execution time: 0.00s
  Errors: Test script not found...

Integration Tests:
  Status: FAILED
  Execution time: 0.00s
  Errors: Test script not found...

Recommendations:
------------------------------
‚ùå Multiple test failures detected.
   - Review all failed tests carefully
   - Fix critical issues before deployment
   - Consider running tests individually for debugging
